Fri May 29 13:03:46 2020  alert  [RMCommunicator Allocator] org.apache.hadoop.mapreduce.v2.app.rm.RMContainerAllocator: IN CONTACTING RM
Fri May 29 13:03:47 2020  warn  [main] org.apache.hadoop.mapreduce.v2.app.MRAppMaster: Using var= mapred newApiCommitter.
Fri May 29 13:03:49 2020  info  [RMCommunicator Allocator] org.apache.hadoop.mapreduce.v2.app.rm.RMContainerAllocator: IN CONTACTING RM
Fri May 29 13:03:50 2020  alert  [RMCommunicator Allocator] org.apache.hadoop.mapreduce.v2.app.rm.RMContainerAllocator: IN CONTACTING RM
Fri May 29 13:03:52 2020  trace  [RMCommunicator Allocator] org.apache.hadoop.mapreduce.v2.app.rm.RMContainerAllocator: IN CONTACTING RM
Fri May 29 13:03:53 2020  debug  [main] org.apache.hadoop.mapreduce.v2.app.MRAppMaster: Using var= mapred newApiCommitter.
Fri May 29 13:03:55 2020  alert  [RMCommunicator Allocator] org.apache.hadoop.mapreduce.v2.app.rm.RMContainerAllocator: IN CONTACTING RM
Fri May 29 13:03:56 2020  alert  [main] org.apache.hadoop.mapreduce.v2.app.MRAppMaster: Using var= mapred newApiCommitter.
Fri May 29 13:03:58 2020  debug  [RMCommunicator Allocator] org.apache.hadoop.mapreduce.v2.app.rm.RMContainerAllocator: IN CONTACTING RM
Fri May 29 13:03:59 2020  alert  [main] org.apache.hadoop.mapreduce.v2.app.MRAppMaster: Using var= mapred newApiCommitter.
Fri May 29 13:04:01 2020  info  [RMCommunicator Allocator] org.apache.hadoop.mapreduce.v2.app.rm.RMContainerAllocator: IN CONTACTING RM
Fri May 29 13:04:02 2020  info  [main] org.apache.hadoop.mapreduce.v2.app.MRAppMaster: Using var= mapred newApiCommitter.
Fri May 29 13:04:04 2020  trace  [main] org.apache.hadoop.mapreduce.v2.app.MRAppMaster: Using var= mapred newApiCommitter.
Fri May 29 13:04:05 2020  debug  [LeaseRenewer:msrabi@msra-sa-41:9000] org.apache.hadoop.hdfs.LeaseRenewer: Failed to renew lease
Fri May 29 13:04:07 2020  warn  [LeaseRenewer:msrabi@msra-sa-41:9000] org.apache.hadoop.hdfs.LeaseRenewer: Failed to renew lease
Fri May 29 13:04:08 2020  warn  [main] org.apache.hadoop.mapreduce.v2.app.MRAppMaster: Using var= mapred newApiCommitter.
Fri May 29 13:04:10 2020  debug  [LeaseRenewer:msrabi@msra-sa-41:9000] org.apache.hadoop.hdfs.LeaseRenewer: Failed to renew lease
Fri May 29 13:04:11 2020  trace  [main] org.apache.hadoop.mapreduce.v2.app.MRAppMaster: Using var= mapred newApiCommitter.
Fri May 29 13:04:13 2020  alert  [main] org.apache.hadoop.mapreduce.v2.app.MRAppMaster: Using var= mapred newApiCommitter.
Fri May 29 13:04:14 2020  info  [main] org.apache.hadoop.mapreduce.v2.app.MRAppMaster: Using var= mapred newApiCommitter.
Fri May 29 13:04:16 2020  info  [RMCommunicator Allocator] org.apache.hadoop.mapreduce.v2.app.rm.RMContainerAllocator: IN CONTACTING RM
Fri May 29 13:04:17 2020  warn  [main] org.apache.hadoop.mapreduce.v2.app.MRAppMaster: Using var= mapred newApiCommitter.
Fri May 29 13:04:19 2020  alert  [RMCommunicator Allocator] org.apache.hadoop.mapreduce.v2.app.rm.RMContainerAllocator: IN CONTACTING RM
Fri May 29 13:04:20 2020  alert  [main] org.apache.hadoop.mapreduce.v2.app.MRAppMaster: Using var= mapred newApiCommitter.
Fri May 29 13:04:22 2020  info  [LeaseRenewer:msrabi@msra-sa-41:9000] org.apache.hadoop.hdfs.LeaseRenewer: Failed to renew lease
Fri May 29 13:04:23 2020  warn  [main] org.apache.hadoop.mapreduce.v2.app.MRAppMaster: Using var= mapred newApiCommitter.
Fri May 29 13:04:25 2020  debug  [LeaseRenewer:msrabi@msra-sa-41:9000] org.apache.hadoop.hdfs.LeaseRenewer: Failed to renew lease
Fri May 29 13:04:26 2020  info  [main] org.apache.hadoop.mapreduce.v2.app.MRAppMaster: Using var= mapred newApiCommitter.
Fri May 29 13:04:28 2020  alert  [main] org.apache.hadoop.mapreduce.v2.app.MRAppMaster: Using var= mapred newApiCommitter.
Fri May 29 13:04:29 2020  warn  [LeaseRenewer:msrabi@msra-sa-41:9000] org.apache.hadoop.hdfs.LeaseRenewer: Failed to renew lease
Fri May 29 13:04:31 2020  info  [main] org.apache.hadoop.mapreduce.v2.app.MRAppMaster: Using var= mapred newApiCommitter.
Fri May 29 13:04:32 2020  alert  [RMCommunicator Allocator] org.apache.hadoop.mapreduce.v2.app.rm.RMContainerAllocator: IN CONTACTING RM
Fri May 29 13:04:34 2020  trace  [main] org.apache.hadoop.mapreduce.v2.app.MRAppMaster: Using var= mapred newApiCommitter.
Fri May 29 13:04:35 2020  warn  [main] org.apache.hadoop.mapreduce.v2.app.MRAppMaster: Using var= mapred newApiCommitter.
Fri May 29 13:04:37 2020  trace  [main] org.apache.hadoop.mapreduce.v2.app.MRAppMaster: Using var= mapred newApiCommitter.
Fri May 29 13:04:38 2020  info  [main] org.apache.hadoop.mapreduce.v2.app.MRAppMaster: Using var= mapred newApiCommitter.
Fri May 29 13:04:40 2020  trace  [RMCommunicator Allocator] org.apache.hadoop.mapreduce.v2.app.rm.RMContainerAllocator: IN CONTACTING RM
Fri May 29 13:04:41 2020  trace  [main] org.apache.hadoop.mapreduce.v2.app.MRAppMaster: Using var= mapred newApiCommitter.
Fri May 29 13:04:43 2020  debug  [main] org.apache.hadoop.mapreduce.v2.app.MRAppMaster: Using var= mapred newApiCommitter.
Fri May 29 13:04:44 2020  alert  [main] org.apache.hadoop.mapreduce.v2.app.MRAppMaster: Using var= mapred newApiCommitter.
Fri May 29 13:04:46 2020  trace  [main] org.apache.hadoop.mapreduce.v2.app.MRAppMaster: Using var= mapred newApiCommitter.
Fri May 29 13:04:47 2020  debug  [main] org.apache.hadoop.mapreduce.v2.app.MRAppMaster: Using var= mapred newApiCommitter.
Fri May 29 13:04:49 2020  alert  [RMCommunicator Allocator] org.apache.hadoop.mapreduce.v2.app.rm.RMContainerAllocator: IN CONTACTING RM
Fri May 29 13:04:50 2020  debug  [main] org.apache.hadoop.mapreduce.v2.app.MRAppMaster: Using var= mapred newApiCommitter.
Fri May 29 13:04:52 2020  alert  [RMCommunicator Allocator] org.apache.hadoop.mapreduce.v2.app.rm.RMContainerAllocator: IN CONTACTING RM
Fri May 29 13:04:53 2020  trace  [RMCommunicator Allocator] org.apache.hadoop.mapreduce.v2.app.rm.RMContainerAllocator: IN CONTACTING RM
Fri May 29 13:04:55 2020  alert  [main] org.apache.hadoop.mapreduce.v2.app.MRAppMaster: Using var= mapred newApiCommitter.
Fri May 29 13:04:56 2020  warn  [RMCommunicator Allocator] org.apache.hadoop.mapreduce.v2.app.rm.RMContainerAllocator: IN CONTACTING RM
Fri May 29 13:04:58 2020  debug  [RMCommunicator Allocator] org.apache.hadoop.mapreduce.v2.app.rm.RMContainerAllocator: IN CONTACTING RM
Fri May 29 13:04:59 2020  debug  [main] org.apache.hadoop.mapreduce.v2.app.MRAppMaster: Using var= mapred newApiCommitter.
Fri May 29 13:05:01 2020  warn  [main] org.apache.hadoop.mapreduce.v2.app.MRAppMaster: Using var= mapred newApiCommitter.
Fri May 29 13:05:02 2020  info  [RMCommunicator Allocator] org.apache.hadoop.mapreduce.v2.app.rm.RMContainerAllocator: IN CONTACTING RM
Fri May 29 13:05:04 2020  trace  [RMCommunicator Allocator] org.apache.hadoop.mapreduce.v2.app.rm.RMContainerAllocator: IN CONTACTING RM
Fri May 29 13:05:05 2020  debug  [LeaseRenewer:msrabi@msra-sa-41:9000] org.apache.hadoop.hdfs.LeaseRenewer: Failed to renew lease
Fri May 29 13:05:07 2020  alert  [main] org.apache.hadoop.mapreduce.v2.app.MRAppMaster: Using var= mapred newApiCommitter.
Fri May 29 13:05:08 2020  warn  [main] org.apache.hadoop.mapreduce.v2.app.MRAppMaster: Using var= mapred newApiCommitter.
Fri May 29 13:05:10 2020  info  [main] org.apache.hadoop.mapreduce.v2.app.MRAppMaster: Using var= mapred newApiCommitter.
Fri May 29 13:05:11 2020  trace  [main] org.apache.hadoop.mapreduce.v2.app.MRAppMaster: Using var= mapred newApiCommitter.
Fri May 29 13:05:13 2020  debug  [RMCommunicator Allocator] org.apache.hadoop.mapreduce.v2.app.rm.RMContainerAllocator: IN CONTACTING RM
Fri May 29 13:05:14 2020  warn  [main] org.apache.hadoop.mapreduce.v2.app.MRAppMaster: Using var= mapred newApiCommitter.
Fri May 29 13:05:16 2020  warn  [RMCommunicator Allocator] org.apache.hadoop.mapreduce.v2.app.rm.RMContainerAllocator: IN CONTACTING RM
Fri May 29 13:05:17 2020  alert  [LeaseRenewer:msrabi@msra-sa-41:9000] org.apache.hadoop.hdfs.LeaseRenewer: Failed to renew lease
Fri May 29 13:05:19 2020  debug  [RMCommunicator Allocator] org.apache.hadoop.mapreduce.v2.app.rm.RMContainerAllocator: IN CONTACTING RM
Fri May 29 13:05:20 2020  trace  [LeaseRenewer:msrabi@msra-sa-41:9000] org.apache.hadoop.hdfs.LeaseRenewer: Failed to renew lease
Fri May 29 13:05:22 2020  warn  [RMCommunicator Allocator] org.apache.hadoop.mapreduce.v2.app.rm.RMContainerAllocator: IN CONTACTING RM
Fri May 29 13:05:23 2020  info  [LeaseRenewer:msrabi@msra-sa-41:9000] org.apache.hadoop.hdfs.LeaseRenewer: Failed to renew lease
Fri May 29 13:05:25 2020  debug  [main] org.apache.hadoop.mapreduce.v2.app.MRAppMaster: Using var= mapred newApiCommitter.
Fri May 29 13:05:26 2020  debug  [RMCommunicator Allocator] org.apache.hadoop.mapreduce.v2.app.rm.RMContainerAllocator: IN CONTACTING RM
Fri May 29 13:05:28 2020  alert  [main] org.apache.hadoop.mapreduce.v2.app.MRAppMaster: Using var= mapred newApiCommitter.
Fri May 29 13:05:29 2020  info  [main] org.apache.hadoop.mapreduce.v2.app.MRAppMaster: Using var= mapred newApiCommitter.
Fri May 29 13:05:31 2020  trace  [main] org.apache.hadoop.mapreduce.v2.app.MRAppMaster: Using var= mapred newApiCommitter.
Fri May 29 13:05:32 2020  debug  [RMCommunicator Allocator] org.apache.hadoop.mapreduce.v2.app.rm.RMContainerAllocator: IN CONTACTING RM
Fri May 29 13:05:34 2020  info  [LeaseRenewer:msrabi@msra-sa-41:9000] org.apache.hadoop.hdfs.LeaseRenewer: Failed to renew lease
Fri May 29 13:05:35 2020  warn  [LeaseRenewer:msrabi@msra-sa-41:9000] org.apache.hadoop.hdfs.LeaseRenewer: Failed to renew lease
Fri May 29 13:05:37 2020  trace  [RMCommunicator Allocator] org.apache.hadoop.mapreduce.v2.app.rm.RMContainerAllocator: IN CONTACTING RM
Fri May 29 13:05:38 2020  warn  [main] org.apache.hadoop.mapreduce.v2.app.MRAppMaster: Using var= mapred newApiCommitter.
Fri May 29 13:05:40 2020  alert  [main] org.apache.hadoop.mapreduce.v2.app.MRAppMaster: Using var= mapred newApiCommitter.
Fri May 29 13:05:41 2020  trace  [main] org.apache.hadoop.mapreduce.v2.app.MRAppMaster: Using var= mapred newApiCommitter.
Fri May 29 13:05:43 2020  alert  [main] org.apache.hadoop.mapreduce.v2.app.MRAppMaster: Using var= mapred newApiCommitter.
Fri May 29 13:05:44 2020  trace  [RMCommunicator Allocator] org.apache.hadoop.mapreduce.v2.app.rm.RMContainerAllocator: IN CONTACTING RM
Fri May 29 13:05:46 2020  debug  [main] org.apache.hadoop.mapreduce.v2.app.MRAppMaster: Using var= mapred newApiCommitter.
Fri May 29 13:05:47 2020  info  [main] org.apache.hadoop.mapreduce.v2.app.MRAppMaster: Using var= mapred newApiCommitter.
Fri May 29 13:05:49 2020  alert  [RMCommunicator Allocator] org.apache.hadoop.mapreduce.v2.app.rm.RMContainerAllocator: IN CONTACTING RM
Fri May 29 13:05:50 2020  alert  [main] org.apache.hadoop.mapreduce.v2.app.MRAppMaster: Using var= mapred newApiCommitter.
Fri May 29 13:05:52 2020  alert  [RMCommunicator Allocator] org.apache.hadoop.mapreduce.v2.app.rm.RMContainerAllocator: IN CONTACTING RM
Fri May 29 13:05:53 2020  alert  [RMCommunicator Allocator] org.apache.hadoop.mapreduce.v2.app.rm.RMContainerAllocator: IN CONTACTING RM
Fri May 29 13:05:55 2020  warn  [RMCommunicator Allocator] org.apache.hadoop.mapreduce.v2.app.rm.RMContainerAllocator: IN CONTACTING RM
Fri May 29 13:05:56 2020  debug  [RMCommunicator Allocator] org.apache.hadoop.mapreduce.v2.app.rm.RMContainerAllocator: IN CONTACTING RM
Fri May 29 13:05:58 2020  debug  [main] org.apache.hadoop.mapreduce.v2.app.MRAppMaster: Using var= mapred newApiCommitter.
Fri May 29 13:05:59 2020  info  [main] org.apache.hadoop.mapreduce.v2.app.MRAppMaster: Using var= mapred newApiCommitter.
Fri May 29 13:06:01 2020  warn  [main] org.apache.hadoop.mapreduce.v2.app.MRAppMaster: Using var= mapred newApiCommitter.
Fri May 29 13:06:02 2020  trace  [main] org.apache.hadoop.mapreduce.v2.app.MRAppMaster: Using var= mapred newApiCommitter.
Fri May 29 13:06:04 2020  info  [main] org.apache.hadoop.mapreduce.v2.app.MRAppMaster: Using var= mapred newApiCommitter.
Fri May 29 13:06:05 2020  trace  [main] org.apache.hadoop.mapreduce.v2.app.MRAppMaster: Using var= mapred newApiCommitter.
Fri May 29 13:06:07 2020  debug  [LeaseRenewer:msrabi@msra-sa-41:9000] org.apache.hadoop.hdfs.LeaseRenewer: Failed to renew lease
Fri May 29 13:06:08 2020  debug  [main] org.apache.hadoop.mapreduce.v2.app.MRAppMaster: Using var= mapred newApiCommitter.
Fri May 29 13:06:10 2020  debug  [LeaseRenewer:msrabi@msra-sa-41:9000] org.apache.hadoop.hdfs.LeaseRenewer: Failed to renew lease
Fri May 29 13:06:11 2020  warn  [LeaseRenewer:msrabi@msra-sa-41:9000] org.apache.hadoop.hdfs.LeaseRenewer: Failed to renew lease
Fri May 29 13:06:13 2020  trace  [main] org.apache.hadoop.mapreduce.v2.app.MRAppMaster: Using var= mapred newApiCommitter.
Fri May 29 13:06:14 2020  debug  [RMCommunicator Allocator] org.apache.hadoop.mapreduce.v2.app.rm.RMContainerAllocator: IN CONTACTING RM
Fri May 29 13:06:16 2020  debug  [LeaseRenewer:msrabi@msra-sa-41:9000] org.apache.hadoop.hdfs.LeaseRenewer: Failed to renew lease
Fri May 29 13:06:17 2020  info  [RMCommunicator Allocator] org.apache.hadoop.mapreduce.v2.app.rm.RMContainerAllocator: IN CONTACTING RM
Fri May 29 13:06:19 2020  warn  [RMCommunicator Allocator] org.apache.hadoop.mapreduce.v2.app.rm.RMContainerAllocator: IN CONTACTING RM
Fri May 29 13:06:20 2020  alert  [main] org.apache.hadoop.mapreduce.v2.app.MRAppMaster: Using var= mapred newApiCommitter.
Fri May 29 13:06:22 2020  warn  [LeaseRenewer:msrabi@msra-sa-41:9000] org.apache.hadoop.hdfs.LeaseRenewer: Failed to renew lease
Fri May 29 13:06:23 2020  warn  [RMCommunicator Allocator] org.apache.hadoop.mapreduce.v2.app.rm.RMContainerAllocator: IN CONTACTING RM
Fri May 29 13:06:25 2020  debug  [main] org.apache.hadoop.mapreduce.v2.app.MRAppMaster: Using var= mapred newApiCommitter.
Fri May 29 13:06:26 2020  warn  [main] org.apache.hadoop.mapreduce.v2.app.MRAppMaster: Using var= mapred newApiCommitter.
Fri May 29 13:06:28 2020  debug  [LeaseRenewer:msrabi@msra-sa-41:9000] org.apache.hadoop.hdfs.LeaseRenewer: Failed to renew lease
Fri May 29 13:06:29 2020  trace  [main] org.apache.hadoop.mapreduce.v2.app.MRAppMaster: Using var= mapred newApiCommitter.
Fri May 29 13:06:31 2020  trace  [main] org.apache.hadoop.mapreduce.v2.app.MRAppMaster: Using var= mapred newApiCommitter.
Fri May 29 13:06:32 2020  info  [RMCommunicator Allocator] org.apache.hadoop.mapreduce.v2.app.rm.RMContainerAllocator: IN CONTACTING RM
Fri May 29 13:06:34 2020  debug  [main] org.apache.hadoop.mapreduce.v2.app.MRAppMaster: Using var= mapred newApiCommitter.
Fri May 29 13:06:35 2020  trace  [RMCommunicator Allocator] org.apache.hadoop.mapreduce.v2.app.rm.RMContainerAllocator: IN CONTACTING RM
Fri May 29 13:06:37 2020  info  [main] org.apache.hadoop.mapreduce.v2.app.MRAppMaster: Using var= mapred newApiCommitter.
Fri May 29 13:06:38 2020  alert  [main] org.apache.hadoop.mapreduce.v2.app.MRAppMaster: Using var= mapred newApiCommitter.
Fri May 29 13:06:40 2020  info  [RMCommunicator Allocator] org.apache.hadoop.mapreduce.v2.app.rm.RMContainerAllocator: IN CONTACTING RM
Fri May 29 13:06:41 2020  debug  [main] org.apache.hadoop.mapreduce.v2.app.MRAppMaster: Using var= mapred newApiCommitter.
Fri May 29 13:06:43 2020  debug  [LeaseRenewer:msrabi@msra-sa-41:9000] org.apache.hadoop.hdfs.LeaseRenewer: Failed to renew lease
Fri May 29 13:06:44 2020  alert  [main] org.apache.hadoop.mapreduce.v2.app.MRAppMaster: Using var= mapred newApiCommitter.
Fri May 29 13:06:46 2020  trace  [main] org.apache.hadoop.mapreduce.v2.app.MRAppMaster: Using var= mapred newApiCommitter.
Fri May 29 13:06:47 2020  trace  [LeaseRenewer:msrabi@msra-sa-41:9000] org.apache.hadoop.hdfs.LeaseRenewer: Failed to renew lease
Fri May 29 13:06:49 2020  info  [main] org.apache.hadoop.mapreduce.v2.app.MRAppMaster: Using var= mapred newApiCommitter.
Fri May 29 13:06:50 2020  info  [main] org.apache.hadoop.mapreduce.v2.app.MRAppMaster: Using var= mapred newApiCommitter.
Fri May 29 13:06:52 2020  debug  [main] org.apache.hadoop.mapreduce.v2.app.MRAppMaster: Using var= mapred newApiCommitter.
Fri May 29 13:06:53 2020  warn  [RMCommunicator Allocator] org.apache.hadoop.mapreduce.v2.app.rm.RMContainerAllocator: IN CONTACTING RM
Fri May 29 13:06:55 2020  trace  [main] org.apache.hadoop.mapreduce.v2.app.MRAppMaster: Using var= mapred newApiCommitter.
Fri May 29 13:06:56 2020  info  [main] org.apache.hadoop.mapreduce.v2.app.MRAppMaster: Using var= mapred newApiCommitter.
Fri May 29 13:06:58 2020  warn  [LeaseRenewer:msrabi@msra-sa-41:9000] org.apache.hadoop.hdfs.LeaseRenewer: Failed to renew lease
Fri May 29 13:06:59 2020  trace  [LeaseRenewer:msrabi@msra-sa-41:9000] org.apache.hadoop.hdfs.LeaseRenewer: Failed to renew lease
Fri May 29 13:07:01 2020  debug  [main] org.apache.hadoop.mapreduce.v2.app.MRAppMaster: Using var= mapred newApiCommitter.
Fri May 29 13:07:02 2020  debug  [main] org.apache.hadoop.mapreduce.v2.app.MRAppMaster: Using var= mapred newApiCommitter.
Fri May 29 13:07:04 2020  warn  [main] org.apache.hadoop.mapreduce.v2.app.MRAppMaster: Using var= mapred newApiCommitter.
Fri May 29 13:07:05 2020  trace  [RMCommunicator Allocator] org.apache.hadoop.mapreduce.v2.app.rm.RMContainerAllocator: IN CONTACTING RM
Fri May 29 13:07:07 2020  warn  [RMCommunicator Allocator] org.apache.hadoop.mapreduce.v2.app.rm.RMContainerAllocator: IN CONTACTING RM
Fri May 29 13:07:08 2020  trace  [main] org.apache.hadoop.mapreduce.v2.app.MRAppMaster: Using var= mapred newApiCommitter.
Fri May 29 13:07:10 2020  info  [RMCommunicator Allocator] org.apache.hadoop.mapreduce.v2.app.rm.RMContainerAllocator: IN CONTACTING RM
Fri May 29 13:07:11 2020  trace  [main] org.apache.hadoop.mapreduce.v2.app.MRAppMaster: Using var= mapred newApiCommitter.
Fri May 29 13:07:13 2020  trace  [RMCommunicator Allocator] org.apache.hadoop.mapreduce.v2.app.rm.RMContainerAllocator: IN CONTACTING RM
Fri May 29 13:07:14 2020  warn  [main] org.apache.hadoop.mapreduce.v2.app.MRAppMaster: Using var= mapred newApiCommitter.
Fri May 29 13:07:16 2020  warn  [main] org.apache.hadoop.mapreduce.v2.app.MRAppMaster: Using var= mapred newApiCommitter.
Fri May 29 13:07:17 2020  trace  [RMCommunicator Allocator] org.apache.hadoop.mapreduce.v2.app.rm.RMContainerAllocator: IN CONTACTING RM
Fri May 29 13:07:19 2020  debug  [RMCommunicator Allocator] org.apache.hadoop.mapreduce.v2.app.rm.RMContainerAllocator: IN CONTACTING RM
Fri May 29 13:07:20 2020  info  [main] org.apache.hadoop.mapreduce.v2.app.MRAppMaster: Using var= mapred newApiCommitter.
Fri May 29 13:07:22 2020  debug  [RMCommunicator Allocator] org.apache.hadoop.mapreduce.v2.app.rm.RMContainerAllocator: IN CONTACTING RM
Fri May 29 13:07:23 2020  info  [LeaseRenewer:msrabi@msra-sa-41:9000] org.apache.hadoop.hdfs.LeaseRenewer: Failed to renew lease
Fri May 29 13:07:25 2020  info  [main] org.apache.hadoop.mapreduce.v2.app.MRAppMaster: Using var= mapred newApiCommitter.
Fri May 29 13:07:26 2020  alert  [main] org.apache.hadoop.mapreduce.v2.app.MRAppMaster: Using var= mapred newApiCommitter.
Fri May 29 13:07:28 2020  alert  [RMCommunicator Allocator] org.apache.hadoop.mapreduce.v2.app.rm.RMContainerAllocator: IN CONTACTING RM
Fri May 29 13:07:29 2020  alert  [main] org.apache.hadoop.mapreduce.v2.app.MRAppMaster: Using var= mapred newApiCommitter.
Fri May 29 13:07:31 2020  trace  [RMCommunicator Allocator] org.apache.hadoop.mapreduce.v2.app.rm.RMContainerAllocator: IN CONTACTING RM
Fri May 29 13:07:32 2020  info  [main] org.apache.hadoop.mapreduce.v2.app.MRAppMaster: Using var= mapred newApiCommitter.
Fri May 29 13:07:34 2020  alert  [RMCommunicator Allocator] org.apache.hadoop.mapreduce.v2.app.rm.RMContainerAllocator: IN CONTACTING RM
Fri May 29 13:07:35 2020  warn  [RMCommunicator Allocator] org.apache.hadoop.mapreduce.v2.app.rm.RMContainerAllocator: IN CONTACTING RM
Fri May 29 13:07:37 2020  alert  [RMCommunicator Allocator] org.apache.hadoop.mapreduce.v2.app.rm.RMContainerAllocator: IN CONTACTING RM
Fri May 29 13:07:38 2020  debug  [main] org.apache.hadoop.mapreduce.v2.app.MRAppMaster: Using var= mapred newApiCommitter.
Fri May 29 13:07:40 2020  debug  [LeaseRenewer:msrabi@msra-sa-41:9000] org.apache.hadoop.hdfs.LeaseRenewer: Failed to renew lease
Fri May 29 13:07:41 2020  warn  [RMCommunicator Allocator] org.apache.hadoop.mapreduce.v2.app.rm.RMContainerAllocator: IN CONTACTING RM
Fri May 29 13:07:43 2020  info  [RMCommunicator Allocator] org.apache.hadoop.mapreduce.v2.app.rm.RMContainerAllocator: IN CONTACTING RM
Fri May 29 13:07:44 2020  debug  [RMCommunicator Allocator] org.apache.hadoop.mapreduce.v2.app.rm.RMContainerAllocator: IN CONTACTING RM
Fri May 29 13:07:46 2020  trace  [RMCommunicator Allocator] org.apache.hadoop.mapreduce.v2.app.rm.RMContainerAllocator: IN CONTACTING RM
Fri May 29 13:07:47 2020  info  [LeaseRenewer:msrabi@msra-sa-41:9000] org.apache.hadoop.hdfs.LeaseRenewer: Failed to renew lease
Fri May 29 13:07:49 2020  alert  [main] org.apache.hadoop.mapreduce.v2.app.MRAppMaster: Using var= mapred newApiCommitter.
Fri May 29 13:07:50 2020  trace  [main] org.apache.hadoop.mapreduce.v2.app.MRAppMaster: Using var= mapred newApiCommitter.
Fri May 29 13:07:52 2020  warn  [RMCommunicator Allocator] org.apache.hadoop.mapreduce.v2.app.rm.RMContainerAllocator: IN CONTACTING RM
Fri May 29 13:07:53 2020  debug  [LeaseRenewer:msrabi@msra-sa-41:9000] org.apache.hadoop.hdfs.LeaseRenewer: Failed to renew lease
Fri May 29 13:07:55 2020  alert  [RMCommunicator Allocator] org.apache.hadoop.mapreduce.v2.app.rm.RMContainerAllocator: IN CONTACTING RM
Fri May 29 13:07:56 2020  alert  [RMCommunicator Allocator] org.apache.hadoop.mapreduce.v2.app.rm.RMContainerAllocator: IN CONTACTING RM
Fri May 29 13:07:58 2020  warn  [RMCommunicator Allocator] org.apache.hadoop.mapreduce.v2.app.rm.RMContainerAllocator: IN CONTACTING RM
Fri May 29 13:07:59 2020  debug  [main] org.apache.hadoop.mapreduce.v2.app.MRAppMaster: Using var= mapred newApiCommitter.
Fri May 29 13:08:01 2020  trace  [RMCommunicator Allocator] org.apache.hadoop.mapreduce.v2.app.rm.RMContainerAllocator: IN CONTACTING RM
Fri May 29 13:08:02 2020  info  [RMCommunicator Allocator] org.apache.hadoop.mapreduce.v2.app.rm.RMContainerAllocator: IN CONTACTING RM
Fri May 29 13:08:04 2020  info  [main] org.apache.hadoop.mapreduce.v2.app.MRAppMaster: Using var= mapred newApiCommitter.
Fri May 29 13:08:05 2020  warn  [main] org.apache.hadoop.mapreduce.v2.app.MRAppMaster: Using var= mapred newApiCommitter.
Fri May 29 13:08:07 2020  debug  [main] org.apache.hadoop.mapreduce.v2.app.MRAppMaster: Using var= mapred newApiCommitter.
Fri May 29 13:08:08 2020  warn  [main] org.apache.hadoop.mapreduce.v2.app.MRAppMaster: Using var= mapred newApiCommitter.
Fri May 29 13:08:10 2020  debug  [RMCommunicator Allocator] org.apache.hadoop.mapreduce.v2.app.rm.RMContainerAllocator: IN CONTACTING RM
Fri May 29 13:08:11 2020  debug  [main] org.apache.hadoop.mapreduce.v2.app.MRAppMaster: Using var= mapred newApiCommitter.
Fri May 29 13:08:13 2020  alert  [LeaseRenewer:msrabi@msra-sa-41:9000] org.apache.hadoop.hdfs.LeaseRenewer: Failed to renew lease
Fri May 29 13:08:14 2020  trace  [main] org.apache.hadoop.mapreduce.v2.app.MRAppMaster: Using var= mapred newApiCommitter.
Fri May 29 13:08:16 2020  trace  [RMCommunicator Allocator] org.apache.hadoop.mapreduce.v2.app.rm.RMContainerAllocator: IN CONTACTING RM
Fri May 29 13:08:17 2020  warn  [RMCommunicator Allocator] org.apache.hadoop.mapreduce.v2.app.rm.RMContainerAllocator: IN CONTACTING RM
Fri May 29 13:08:19 2020  alert  [main] org.apache.hadoop.mapreduce.v2.app.MRAppMaster: Using var= mapred newApiCommitter.
