2020-05-29-13:03:46.675872  CRIT  [RMCommunicator Allocator] org.apache.hadoop.mapreduce.v2.app.rm.RMContainerAllocator: IN CONTACTING RM
2020-05-29-13:03:47.675872  TRACE  [LeaseRenewer:msrabi@msra-sa-41:9000] org.apache.hadoop.hdfs.LeaseRenewer: Failed to renew lease
2020-05-29-13:03:49.675872  ALERT  [main] org.apache.hadoop.mapreduce.v2.app.MRAppMaster: Using var= mapred newApiCommitter.
2020-05-29-13:03:50.675872  SEVERE  [main] org.apache.hadoop.mapreduce.v2.app.MRAppMaster: Using var= mapred newApiCommitter.
2020-05-29-13:03:52.675872  INFO  [main] org.apache.hadoop.mapreduce.v2.app.MRAppMaster: Using var= mapred newApiCommitter.
2020-05-29-13:03:53.675872  ALERT  [LeaseRenewer:msrabi@msra-sa-41:9000] org.apache.hadoop.hdfs.LeaseRenewer: Failed to renew lease
2020-05-29-13:03:55.675872  SEVERE  [RMCommunicator Allocator] org.apache.hadoop.mapreduce.v2.app.rm.RMContainerAllocator: IN CONTACTING RM
2020-05-29-13:03:56.675872  ALERT  [LeaseRenewer:msrabi@msra-sa-41:9000] org.apache.hadoop.hdfs.LeaseRenewer: Failed to renew lease
2020-05-29-13:03:58.675872  SEVERE  [main] org.apache.hadoop.mapreduce.v2.app.MRAppMaster: Using var= mapred newApiCommitter.
2020-05-29-13:03:59.675872  NOTICE  [main] org.apache.hadoop.mapreduce.v2.app.MRAppMaster: Using var= mapred newApiCommitter.
2020-05-29-13:04:01.675872  INFO  [main] org.apache.hadoop.mapreduce.v2.app.MRAppMaster: Using var= mapred newApiCommitter.
2020-05-29-13:04:02.675872  TRACE  [main] org.apache.hadoop.mapreduce.v2.app.MRAppMaster: Using var= mapred newApiCommitter.
2020-05-29-13:04:04.675872  TRACE  [LeaseRenewer:msrabi@msra-sa-41:9000] org.apache.hadoop.hdfs.LeaseRenewer: Failed to renew lease
2020-05-29-13:04:05.675872  INFO  [RMCommunicator Allocator] org.apache.hadoop.mapreduce.v2.app.rm.RMContainerAllocator: IN CONTACTING RM
2020-05-29-13:04:07.675872  DEBUG  [RMCommunicator Allocator] org.apache.hadoop.mapreduce.v2.app.rm.RMContainerAllocator: IN CONTACTING RM
2020-05-29-13:04:08.675872  DEBUG  [LeaseRenewer:msrabi@msra-sa-41:9000] org.apache.hadoop.hdfs.LeaseRenewer: Failed to renew lease
2020-05-29-13:04:10.675872  INFO  [RMCommunicator Allocator] org.apache.hadoop.mapreduce.v2.app.rm.RMContainerAllocator: IN CONTACTING RM
2020-05-29-13:04:11.675872  DEBUG  [main] org.apache.hadoop.mapreduce.v2.app.MRAppMaster: Using var= mapred newApiCommitter.
2020-05-29-13:04:13.675872  DEBUG  [LeaseRenewer:msrabi@msra-sa-41:9000] org.apache.hadoop.hdfs.LeaseRenewer: Failed to renew lease
2020-05-29-13:04:14.675872  FATAL  [main] org.apache.hadoop.mapreduce.v2.app.MRAppMaster: Using var= mapred newApiCommitter.
2020-05-29-13:04:16.675872  NOTICE  [RMCommunicator Allocator] org.apache.hadoop.mapreduce.v2.app.rm.RMContainerAllocator: IN CONTACTING RM
2020-05-29-13:04:17.675872  SEVERE  [RMCommunicator Allocator] org.apache.hadoop.mapreduce.v2.app.rm.RMContainerAllocator: IN CONTACTING RM
2020-05-29-13:04:19.675872  DEBUG  [main] org.apache.hadoop.mapreduce.v2.app.MRAppMaster: Using var= mapred newApiCommitter.
2020-05-29-13:04:20.675872  DEBUG  [RMCommunicator Allocator] org.apache.hadoop.mapreduce.v2.app.rm.RMContainerAllocator: IN CONTACTING RM
2020-05-29-13:04:22.675872  FATAL  [LeaseRenewer:msrabi@msra-sa-41:9000] org.apache.hadoop.hdfs.LeaseRenewer: Failed to renew lease
2020-05-29-13:04:23.675872  DEBUG  [RMCommunicator Allocator] org.apache.hadoop.mapreduce.v2.app.rm.RMContainerAllocator: IN CONTACTING RM
2020-05-29-13:04:25.675872  WARN  [main] org.apache.hadoop.mapreduce.v2.app.MRAppMaster: Using var= mapred newApiCommitter.
2020-05-29-13:04:26.675872  NOTICE  [main] org.apache.hadoop.mapreduce.v2.app.MRAppMaster: Using var= mapred newApiCommitter.
2020-05-29-13:04:28.675872  CRIT  [main] org.apache.hadoop.mapreduce.v2.app.MRAppMaster: Using var= mapred newApiCommitter.
2020-05-29-13:04:29.675872  SEVERE  [main] org.apache.hadoop.mapreduce.v2.app.MRAppMaster: Using var= mapred newApiCommitter.
2020-05-29-13:04:31.675872  INFO  [main] org.apache.hadoop.mapreduce.v2.app.MRAppMaster: Using var= mapred newApiCommitter.
2020-05-29-13:04:32.675872  FATAL  [RMCommunicator Allocator] org.apache.hadoop.mapreduce.v2.app.rm.RMContainerAllocator: IN CONTACTING RM
2020-05-29-13:04:34.675872  SEVERE  [main] org.apache.hadoop.mapreduce.v2.app.MRAppMaster: Using var= mapred newApiCommitter.
2020-05-29-13:04:35.675872  DEBUG  [main] org.apache.hadoop.mapreduce.v2.app.MRAppMaster: Using var= mapred newApiCommitter.
2020-05-29-13:04:37.675872  NOTICE  [main] org.apache.hadoop.mapreduce.v2.app.MRAppMaster: Using var= mapred newApiCommitter.
2020-05-29-13:04:38.675872  TRACE  [LeaseRenewer:msrabi@msra-sa-41:9000] org.apache.hadoop.hdfs.LeaseRenewer: Failed to renew lease
2020-05-29-13:04:40.675872  ALERT  [RMCommunicator Allocator] org.apache.hadoop.mapreduce.v2.app.rm.RMContainerAllocator: IN CONTACTING RM
2020-05-29-13:04:41.675872  DEBUG  [main] org.apache.hadoop.mapreduce.v2.app.MRAppMaster: Using var= mapred newApiCommitter.
2020-05-29-13:04:43.675872  INFO  [RMCommunicator Allocator] org.apache.hadoop.mapreduce.v2.app.rm.RMContainerAllocator: IN CONTACTING RM
2020-05-29-13:04:44.675872  TRACE  [main] org.apache.hadoop.mapreduce.v2.app.MRAppMaster: Using var= mapred newApiCommitter.
2020-05-29-13:04:46.675872  CRIT  [RMCommunicator Allocator] org.apache.hadoop.mapreduce.v2.app.rm.RMContainerAllocator: IN CONTACTING RM
2020-05-29-13:04:47.675872  DEBUG  [LeaseRenewer:msrabi@msra-sa-41:9000] org.apache.hadoop.hdfs.LeaseRenewer: Failed to renew lease
2020-05-29-13:04:49.675872  CRIT  [main] org.apache.hadoop.mapreduce.v2.app.MRAppMaster: Using var= mapred newApiCommitter.
2020-05-29-13:04:50.675872  CRIT  [main] org.apache.hadoop.mapreduce.v2.app.MRAppMaster: Using var= mapred newApiCommitter.
2020-05-29-13:04:52.675872  DEBUG  [main] org.apache.hadoop.mapreduce.v2.app.MRAppMaster: Using var= mapred newApiCommitter.
2020-05-29-13:04:53.675872  DEBUG  [main] org.apache.hadoop.mapreduce.v2.app.MRAppMaster: Using var= mapred newApiCommitter.
2020-05-29-13:04:55.675872  SEVERE  [RMCommunicator Allocator] org.apache.hadoop.mapreduce.v2.app.rm.RMContainerAllocator: IN CONTACTING RM
2020-05-29-13:04:56.675872  TRACE  [main] org.apache.hadoop.mapreduce.v2.app.MRAppMaster: Using var= mapred newApiCommitter.
2020-05-29-13:04:58.675872  DEBUG  [RMCommunicator Allocator] org.apache.hadoop.mapreduce.v2.app.rm.RMContainerAllocator: IN CONTACTING RM
2020-05-29-13:04:59.675872  CRIT  [main] org.apache.hadoop.mapreduce.v2.app.MRAppMaster: Using var= mapred newApiCommitter.
2020-05-29-13:05:01.675872  ALERT  [main] org.apache.hadoop.mapreduce.v2.app.MRAppMaster: Using var= mapred newApiCommitter.
2020-05-29-13:05:02.675872  DEBUG  [RMCommunicator Allocator] org.apache.hadoop.mapreduce.v2.app.rm.RMContainerAllocator: IN CONTACTING RM
2020-05-29-13:05:04.675872  INFO  [main] org.apache.hadoop.mapreduce.v2.app.MRAppMaster: Using var= mapred newApiCommitter.
2020-05-29-13:05:05.675872  TRACE  [RMCommunicator Allocator] org.apache.hadoop.mapreduce.v2.app.rm.RMContainerAllocator: IN CONTACTING RM
2020-05-29-13:05:07.675872  DEBUG  [RMCommunicator Allocator] org.apache.hadoop.mapreduce.v2.app.rm.RMContainerAllocator: IN CONTACTING RM
2020-05-29-13:05:08.675872  INFO  [main] org.apache.hadoop.mapreduce.v2.app.MRAppMaster: Using var= mapred newApiCommitter.
2020-05-29-13:05:10.675872  ALERT  [main] org.apache.hadoop.mapreduce.v2.app.MRAppMaster: Using var= mapred newApiCommitter.
2020-05-29-13:05:11.675872  SEVERE  [RMCommunicator Allocator] org.apache.hadoop.mapreduce.v2.app.rm.RMContainerAllocator: IN CONTACTING RM
2020-05-29-13:05:13.675872  NOTICE  [RMCommunicator Allocator] org.apache.hadoop.mapreduce.v2.app.rm.RMContainerAllocator: IN CONTACTING RM
2020-05-29-13:05:14.675872  TRACE  [RMCommunicator Allocator] org.apache.hadoop.mapreduce.v2.app.rm.RMContainerAllocator: IN CONTACTING RM
2020-05-29-13:05:16.675872  TRACE  [LeaseRenewer:msrabi@msra-sa-41:9000] org.apache.hadoop.hdfs.LeaseRenewer: Failed to renew lease
2020-05-29-13:05:17.675872  SEVERE  [main] org.apache.hadoop.mapreduce.v2.app.MRAppMaster: Using var= mapred newApiCommitter.
2020-05-29-13:05:19.675872  FATAL  [LeaseRenewer:msrabi@msra-sa-41:9000] org.apache.hadoop.hdfs.LeaseRenewer: Failed to renew lease
2020-05-29-13:05:20.675872  FATAL  [main] org.apache.hadoop.mapreduce.v2.app.MRAppMaster: Using var= mapred newApiCommitter.
2020-05-29-13:05:22.675872  DEBUG  [main] org.apache.hadoop.mapreduce.v2.app.MRAppMaster: Using var= mapred newApiCommitter.
2020-05-29-13:05:23.675872  FATAL  [main] org.apache.hadoop.mapreduce.v2.app.MRAppMaster: Using var= mapred newApiCommitter.
2020-05-29-13:05:25.675872  TRACE  [main] org.apache.hadoop.mapreduce.v2.app.MRAppMaster: Using var= mapred newApiCommitter.
2020-05-29-13:05:26.675872  INFO  [LeaseRenewer:msrabi@msra-sa-41:9000] org.apache.hadoop.hdfs.LeaseRenewer: Failed to renew lease
2020-05-29-13:05:28.675872  FATAL  [main] org.apache.hadoop.mapreduce.v2.app.MRAppMaster: Using var= mapred newApiCommitter.
2020-05-29-13:05:29.675872  SEVERE  [LeaseRenewer:msrabi@msra-sa-41:9000] org.apache.hadoop.hdfs.LeaseRenewer: Failed to renew lease
2020-05-29-13:05:31.675872  ALERT  [main] org.apache.hadoop.mapreduce.v2.app.MRAppMaster: Using var= mapred newApiCommitter.
2020-05-29-13:05:32.675872  ALERT  [RMCommunicator Allocator] org.apache.hadoop.mapreduce.v2.app.rm.RMContainerAllocator: IN CONTACTING RM
2020-05-29-13:05:34.675872  NOTICE  [RMCommunicator Allocator] org.apache.hadoop.mapreduce.v2.app.rm.RMContainerAllocator: IN CONTACTING RM
2020-05-29-13:05:35.675872  TRACE  [main] org.apache.hadoop.mapreduce.v2.app.MRAppMaster: Using var= mapred newApiCommitter.
2020-05-29-13:05:37.675872  INFO  [RMCommunicator Allocator] org.apache.hadoop.mapreduce.v2.app.rm.RMContainerAllocator: IN CONTACTING RM
2020-05-29-13:05:38.675872  CRIT  [RMCommunicator Allocator] org.apache.hadoop.mapreduce.v2.app.rm.RMContainerAllocator: IN CONTACTING RM
2020-05-29-13:05:40.675872  WARN  [RMCommunicator Allocator] org.apache.hadoop.mapreduce.v2.app.rm.RMContainerAllocator: IN CONTACTING RM
2020-05-29-13:05:41.675872  FATAL  [RMCommunicator Allocator] org.apache.hadoop.mapreduce.v2.app.rm.RMContainerAllocator: IN CONTACTING RM
2020-05-29-13:05:43.675872  TRACE  [LeaseRenewer:msrabi@msra-sa-41:9000] org.apache.hadoop.hdfs.LeaseRenewer: Failed to renew lease
2020-05-29-13:05:44.675872  ALERT  [LeaseRenewer:msrabi@msra-sa-41:9000] org.apache.hadoop.hdfs.LeaseRenewer: Failed to renew lease
2020-05-29-13:05:46.675872  WARN  [main] org.apache.hadoop.mapreduce.v2.app.MRAppMaster: Using var= mapred newApiCommitter.
2020-05-29-13:05:47.675872  TRACE  [LeaseRenewer:msrabi@msra-sa-41:9000] org.apache.hadoop.hdfs.LeaseRenewer: Failed to renew lease
2020-05-29-13:05:49.675872  CRIT  [LeaseRenewer:msrabi@msra-sa-41:9000] org.apache.hadoop.hdfs.LeaseRenewer: Failed to renew lease
2020-05-29-13:05:50.675872  INFO  [main] org.apache.hadoop.mapreduce.v2.app.MRAppMaster: Using var= mapred newApiCommitter.
2020-05-29-13:05:52.675872  TRACE  [RMCommunicator Allocator] org.apache.hadoop.mapreduce.v2.app.rm.RMContainerAllocator: IN CONTACTING RM
2020-05-29-13:05:53.675872  CRIT  [LeaseRenewer:msrabi@msra-sa-41:9000] org.apache.hadoop.hdfs.LeaseRenewer: Failed to renew lease
2020-05-29-13:05:55.675872  WARN  [main] org.apache.hadoop.mapreduce.v2.app.MRAppMaster: Using var= mapred newApiCommitter.
2020-05-29-13:05:56.675872  INFO  [main] org.apache.hadoop.mapreduce.v2.app.MRAppMaster: Using var= mapred newApiCommitter.
2020-05-29-13:05:58.675872  ALERT  [RMCommunicator Allocator] org.apache.hadoop.mapreduce.v2.app.rm.RMContainerAllocator: IN CONTACTING RM
2020-05-29-13:05:59.675872  DEBUG  [RMCommunicator Allocator] org.apache.hadoop.mapreduce.v2.app.rm.RMContainerAllocator: IN CONTACTING RM
2020-05-29-13:06:01.675872  DEBUG  [RMCommunicator Allocator] org.apache.hadoop.mapreduce.v2.app.rm.RMContainerAllocator: IN CONTACTING RM
2020-05-29-13:06:02.675872  INFO  [LeaseRenewer:msrabi@msra-sa-41:9000] org.apache.hadoop.hdfs.LeaseRenewer: Failed to renew lease
2020-05-29-13:06:04.675872  SEVERE  [LeaseRenewer:msrabi@msra-sa-41:9000] org.apache.hadoop.hdfs.LeaseRenewer: Failed to renew lease
2020-05-29-13:06:05.675872  DEBUG  [RMCommunicator Allocator] org.apache.hadoop.mapreduce.v2.app.rm.RMContainerAllocator: IN CONTACTING RM
2020-05-29-13:06:07.675872  NOTICE  [main] org.apache.hadoop.mapreduce.v2.app.MRAppMaster: Using var= mapred newApiCommitter.
2020-05-29-13:06:08.675872  ALERT  [RMCommunicator Allocator] org.apache.hadoop.mapreduce.v2.app.rm.RMContainerAllocator: IN CONTACTING RM
2020-05-29-13:06:10.675872  SEVERE  [RMCommunicator Allocator] org.apache.hadoop.mapreduce.v2.app.rm.RMContainerAllocator: IN CONTACTING RM
2020-05-29-13:06:11.675872  SEVERE  [RMCommunicator Allocator] org.apache.hadoop.mapreduce.v2.app.rm.RMContainerAllocator: IN CONTACTING RM
2020-05-29-13:06:13.675872  TRACE  [main] org.apache.hadoop.mapreduce.v2.app.MRAppMaster: Using var= mapred newApiCommitter.
2020-05-29-13:06:14.675872  CRIT  [RMCommunicator Allocator] org.apache.hadoop.mapreduce.v2.app.rm.RMContainerAllocator: IN CONTACTING RM
2020-05-29-13:06:16.675872  INFO  [main] org.apache.hadoop.mapreduce.v2.app.MRAppMaster: Using var= mapred newApiCommitter.
2020-05-29-13:06:17.675872  SEVERE  [RMCommunicator Allocator] org.apache.hadoop.mapreduce.v2.app.rm.RMContainerAllocator: IN CONTACTING RM
2020-05-29-13:06:19.675872  INFO  [RMCommunicator Allocator] org.apache.hadoop.mapreduce.v2.app.rm.RMContainerAllocator: IN CONTACTING RM
2020-05-29-13:06:20.675872  TRACE  [main] org.apache.hadoop.mapreduce.v2.app.MRAppMaster: Using var= mapred newApiCommitter.
2020-05-29-13:06:22.675872  CRIT  [main] org.apache.hadoop.mapreduce.v2.app.MRAppMaster: Using var= mapred newApiCommitter.
2020-05-29-13:06:23.675872  WARN  [main] org.apache.hadoop.mapreduce.v2.app.MRAppMaster: Using var= mapred newApiCommitter.
2020-05-29-13:06:25.675872  SEVERE  [RMCommunicator Allocator] org.apache.hadoop.mapreduce.v2.app.rm.RMContainerAllocator: IN CONTACTING RM
2020-05-29-13:06:26.675872  INFO  [RMCommunicator Allocator] org.apache.hadoop.mapreduce.v2.app.rm.RMContainerAllocator: IN CONTACTING RM
2020-05-29-13:06:28.675872  INFO  [RMCommunicator Allocator] org.apache.hadoop.mapreduce.v2.app.rm.RMContainerAllocator: IN CONTACTING RM
2020-05-29-13:06:29.675872  INFO  [main] org.apache.hadoop.mapreduce.v2.app.MRAppMaster: Using var= mapred newApiCommitter.
2020-05-29-13:06:31.675872  FATAL  [main] org.apache.hadoop.mapreduce.v2.app.MRAppMaster: Using var= mapred newApiCommitter.
2020-05-29-13:06:32.675872  CRIT  [main] org.apache.hadoop.mapreduce.v2.app.MRAppMaster: Using var= mapred newApiCommitter.
2020-05-29-13:06:34.675872  NOTICE  [main] org.apache.hadoop.mapreduce.v2.app.MRAppMaster: Using var= mapred newApiCommitter.
2020-05-29-13:06:35.675872  WARN  [RMCommunicator Allocator] org.apache.hadoop.mapreduce.v2.app.rm.RMContainerAllocator: IN CONTACTING RM
2020-05-29-13:06:37.675872  WARN  [main] org.apache.hadoop.mapreduce.v2.app.MRAppMaster: Using var= mapred newApiCommitter.
2020-05-29-13:06:38.675872  TRACE  [main] org.apache.hadoop.mapreduce.v2.app.MRAppMaster: Using var= mapred newApiCommitter.
2020-05-29-13:06:40.675872  TRACE  [main] org.apache.hadoop.mapreduce.v2.app.MRAppMaster: Using var= mapred newApiCommitter.
2020-05-29-13:06:41.675872  TRACE  [RMCommunicator Allocator] org.apache.hadoop.mapreduce.v2.app.rm.RMContainerAllocator: IN CONTACTING RM
2020-05-29-13:06:43.675872  CRIT  [RMCommunicator Allocator] org.apache.hadoop.mapreduce.v2.app.rm.RMContainerAllocator: IN CONTACTING RM
2020-05-29-13:06:44.675872  INFO  [main] org.apache.hadoop.mapreduce.v2.app.MRAppMaster: Using var= mapred newApiCommitter.
2020-05-29-13:06:46.675872  DEBUG  [RMCommunicator Allocator] org.apache.hadoop.mapreduce.v2.app.rm.RMContainerAllocator: IN CONTACTING RM
2020-05-29-13:06:47.675872  TRACE  [RMCommunicator Allocator] org.apache.hadoop.mapreduce.v2.app.rm.RMContainerAllocator: IN CONTACTING RM
2020-05-29-13:06:49.675872  ALERT  [main] org.apache.hadoop.mapreduce.v2.app.MRAppMaster: Using var= mapred newApiCommitter.
2020-05-29-13:06:50.675872  WARN  [RMCommunicator Allocator] org.apache.hadoop.mapreduce.v2.app.rm.RMContainerAllocator: IN CONTACTING RM
2020-05-29-13:06:52.675872  DEBUG  [main] org.apache.hadoop.mapreduce.v2.app.MRAppMaster: Using var= mapred newApiCommitter.
2020-05-29-13:06:53.675872  SEVERE  [LeaseRenewer:msrabi@msra-sa-41:9000] org.apache.hadoop.hdfs.LeaseRenewer: Failed to renew lease
2020-05-29-13:06:55.675872  WARN  [RMCommunicator Allocator] org.apache.hadoop.mapreduce.v2.app.rm.RMContainerAllocator: IN CONTACTING RM
2020-05-29-13:06:56.675872  DEBUG  [main] org.apache.hadoop.mapreduce.v2.app.MRAppMaster: Using var= mapred newApiCommitter.
2020-05-29-13:06:58.675872  NOTICE  [RMCommunicator Allocator] org.apache.hadoop.mapreduce.v2.app.rm.RMContainerAllocator: IN CONTACTING RM
2020-05-29-13:06:59.675872  CRIT  [RMCommunicator Allocator] org.apache.hadoop.mapreduce.v2.app.rm.RMContainerAllocator: IN CONTACTING RM
2020-05-29-13:07:01.675872  WARN  [RMCommunicator Allocator] org.apache.hadoop.mapreduce.v2.app.rm.RMContainerAllocator: IN CONTACTING RM
2020-05-29-13:07:02.675872  DEBUG  [RMCommunicator Allocator] org.apache.hadoop.mapreduce.v2.app.rm.RMContainerAllocator: IN CONTACTING RM
2020-05-29-13:07:04.675872  CRIT  [LeaseRenewer:msrabi@msra-sa-41:9000] org.apache.hadoop.hdfs.LeaseRenewer: Failed to renew lease
2020-05-29-13:07:05.675872  ALERT  [main] org.apache.hadoop.mapreduce.v2.app.MRAppMaster: Using var= mapred newApiCommitter.
2020-05-29-13:07:07.675872  INFO  [RMCommunicator Allocator] org.apache.hadoop.mapreduce.v2.app.rm.RMContainerAllocator: IN CONTACTING RM
2020-05-29-13:07:08.675872  SEVERE  [RMCommunicator Allocator] org.apache.hadoop.mapreduce.v2.app.rm.RMContainerAllocator: IN CONTACTING RM
2020-05-29-13:07:10.675872  ALERT  [main] org.apache.hadoop.mapreduce.v2.app.MRAppMaster: Using var= mapred newApiCommitter.
2020-05-29-13:07:11.675872  NOTICE  [LeaseRenewer:msrabi@msra-sa-41:9000] org.apache.hadoop.hdfs.LeaseRenewer: Failed to renew lease
2020-05-29-13:07:13.675872  WARN  [RMCommunicator Allocator] org.apache.hadoop.mapreduce.v2.app.rm.RMContainerAllocator: IN CONTACTING RM
2020-05-29-13:07:14.675872  DEBUG  [RMCommunicator Allocator] org.apache.hadoop.mapreduce.v2.app.rm.RMContainerAllocator: IN CONTACTING RM
2020-05-29-13:07:16.675872  WARN  [RMCommunicator Allocator] org.apache.hadoop.mapreduce.v2.app.rm.RMContainerAllocator: IN CONTACTING RM
2020-05-29-13:07:17.675872  NOTICE  [LeaseRenewer:msrabi@msra-sa-41:9000] org.apache.hadoop.hdfs.LeaseRenewer: Failed to renew lease
2020-05-29-13:07:19.675872  FATAL  [RMCommunicator Allocator] org.apache.hadoop.mapreduce.v2.app.rm.RMContainerAllocator: IN CONTACTING RM
2020-05-29-13:07:20.675872  NOTICE  [main] org.apache.hadoop.mapreduce.v2.app.MRAppMaster: Using var= mapred newApiCommitter.
2020-05-29-13:07:22.675872  DEBUG  [RMCommunicator Allocator] org.apache.hadoop.mapreduce.v2.app.rm.RMContainerAllocator: IN CONTACTING RM
2020-05-29-13:07:23.675872  INFO  [RMCommunicator Allocator] org.apache.hadoop.mapreduce.v2.app.rm.RMContainerAllocator: IN CONTACTING RM
2020-05-29-13:07:25.675872  DEBUG  [RMCommunicator Allocator] org.apache.hadoop.mapreduce.v2.app.rm.RMContainerAllocator: IN CONTACTING RM
2020-05-29-13:07:26.675872  ALERT  [RMCommunicator Allocator] org.apache.hadoop.mapreduce.v2.app.rm.RMContainerAllocator: IN CONTACTING RM
2020-05-29-13:07:28.675872  CRIT  [main] org.apache.hadoop.mapreduce.v2.app.MRAppMaster: Using var= mapred newApiCommitter.
2020-05-29-13:07:29.675872  TRACE  [main] org.apache.hadoop.mapreduce.v2.app.MRAppMaster: Using var= mapred newApiCommitter.
2020-05-29-13:07:31.675872  INFO  [LeaseRenewer:msrabi@msra-sa-41:9000] org.apache.hadoop.hdfs.LeaseRenewer: Failed to renew lease
2020-05-29-13:07:32.675872  INFO  [main] org.apache.hadoop.mapreduce.v2.app.MRAppMaster: Using var= mapred newApiCommitter.
2020-05-29-13:07:34.675872  FATAL  [RMCommunicator Allocator] org.apache.hadoop.mapreduce.v2.app.rm.RMContainerAllocator: IN CONTACTING RM
2020-05-29-13:07:35.675872  DEBUG  [RMCommunicator Allocator] org.apache.hadoop.mapreduce.v2.app.rm.RMContainerAllocator: IN CONTACTING RM
2020-05-29-13:07:37.675872  WARN  [main] org.apache.hadoop.mapreduce.v2.app.MRAppMaster: Using var= mapred newApiCommitter.
2020-05-29-13:07:38.675872  NOTICE  [LeaseRenewer:msrabi@msra-sa-41:9000] org.apache.hadoop.hdfs.LeaseRenewer: Failed to renew lease
2020-05-29-13:07:40.675872  TRACE  [main] org.apache.hadoop.mapreduce.v2.app.MRAppMaster: Using var= mapred newApiCommitter.
2020-05-29-13:07:41.675872  SEVERE  [main] org.apache.hadoop.mapreduce.v2.app.MRAppMaster: Using var= mapred newApiCommitter.
2020-05-29-13:07:43.675872  CRIT  [main] org.apache.hadoop.mapreduce.v2.app.MRAppMaster: Using var= mapred newApiCommitter.
2020-05-29-13:07:44.675872  INFO  [RMCommunicator Allocator] org.apache.hadoop.mapreduce.v2.app.rm.RMContainerAllocator: IN CONTACTING RM
2020-05-29-13:07:46.675872  TRACE  [main] org.apache.hadoop.mapreduce.v2.app.MRAppMaster: Using var= mapred newApiCommitter.
2020-05-29-13:07:47.675872  TRACE  [main] org.apache.hadoop.mapreduce.v2.app.MRAppMaster: Using var= mapred newApiCommitter.
2020-05-29-13:07:49.675872  FATAL  [LeaseRenewer:msrabi@msra-sa-41:9000] org.apache.hadoop.hdfs.LeaseRenewer: Failed to renew lease
2020-05-29-13:07:50.675872  DEBUG  [RMCommunicator Allocator] org.apache.hadoop.mapreduce.v2.app.rm.RMContainerAllocator: IN CONTACTING RM
2020-05-29-13:07:52.675872  INFO  [main] org.apache.hadoop.mapreduce.v2.app.MRAppMaster: Using var= mapred newApiCommitter.
2020-05-29-13:07:53.675872  SEVERE  [RMCommunicator Allocator] org.apache.hadoop.mapreduce.v2.app.rm.RMContainerAllocator: IN CONTACTING RM
2020-05-29-13:07:55.675872  NOTICE  [RMCommunicator Allocator] org.apache.hadoop.mapreduce.v2.app.rm.RMContainerAllocator: IN CONTACTING RM
2020-05-29-13:07:56.675872  NOTICE  [RMCommunicator Allocator] org.apache.hadoop.mapreduce.v2.app.rm.RMContainerAllocator: IN CONTACTING RM
2020-05-29-13:07:58.675872  WARN  [main] org.apache.hadoop.mapreduce.v2.app.MRAppMaster: Using var= mapred newApiCommitter.
2020-05-29-13:07:59.675872  ALERT  [main] org.apache.hadoop.mapreduce.v2.app.MRAppMaster: Using var= mapred newApiCommitter.
2020-05-29-13:08:01.675872  WARN  [LeaseRenewer:msrabi@msra-sa-41:9000] org.apache.hadoop.hdfs.LeaseRenewer: Failed to renew lease
2020-05-29-13:08:02.675872  TRACE  [RMCommunicator Allocator] org.apache.hadoop.mapreduce.v2.app.rm.RMContainerAllocator: IN CONTACTING RM
2020-05-29-13:08:04.675872  DEBUG  [main] org.apache.hadoop.mapreduce.v2.app.MRAppMaster: Using var= mapred newApiCommitter.
2020-05-29-13:08:05.675872  NOTICE  [RMCommunicator Allocator] org.apache.hadoop.mapreduce.v2.app.rm.RMContainerAllocator: IN CONTACTING RM
2020-05-29-13:08:07.675872  NOTICE  [main] org.apache.hadoop.mapreduce.v2.app.MRAppMaster: Using var= mapred newApiCommitter.
2020-05-29-13:08:08.675872  TRACE  [LeaseRenewer:msrabi@msra-sa-41:9000] org.apache.hadoop.hdfs.LeaseRenewer: Failed to renew lease
2020-05-29-13:08:10.675872  FATAL  [main] org.apache.hadoop.mapreduce.v2.app.MRAppMaster: Using var= mapred newApiCommitter.
2020-05-29-13:08:11.675872  SEVERE  [RMCommunicator Allocator] org.apache.hadoop.mapreduce.v2.app.rm.RMContainerAllocator: IN CONTACTING RM
2020-05-29-13:08:13.675872  TRACE  [LeaseRenewer:msrabi@msra-sa-41:9000] org.apache.hadoop.hdfs.LeaseRenewer: Failed to renew lease
2020-05-29-13:08:14.675872  DEBUG  [main] org.apache.hadoop.mapreduce.v2.app.MRAppMaster: Using var= mapred newApiCommitter.
2020-05-29-13:08:16.675872  INFO  [RMCommunicator Allocator] org.apache.hadoop.mapreduce.v2.app.rm.RMContainerAllocator: IN CONTACTING RM
2020-05-29-13:08:17.675872  NOTICE  [RMCommunicator Allocator] org.apache.hadoop.mapreduce.v2.app.rm.RMContainerAllocator: IN CONTACTING RM
2020-05-29-13:08:19.675872  WARN  [RMCommunicator Allocator] org.apache.hadoop.mapreduce.v2.app.rm.RMContainerAllocator: IN CONTACTING RM
